-encoding
UTF-8
-outxml
-source
1.6
-target
1.6
-classpath
e:\.m2\repository\junit\junit\4.11\junit-4.11.jar;e:\.m2\repository\log4j\log4j\1.2.17\log4j-1.2.17.jar;e:\.m2\repository\org\slf4j\slf4j-api\1.7.5\slf4j-api-1.7.5.jar;e:\.m2\repository\org\slf4j\jcl-over-slf4j\1.7.5\jcl-over-slf4j-1.7.5.jar;e:\.m2\repository\org\slf4j\slf4j-log4j12\1.7.5\slf4j-log4j12-1.7.5.jar;e:\.m2\repository\org\aspectj\aspectjrt\1.7.4\aspectjrt-1.7.4.jar;e:\.m2\repository\org\aspectj\aspectjweaver\1.7.4\aspectjweaver-1.7.4.jar;e:\.m2\repository\javax\servlet\servlet-api\2.5\servlet-api-2.5.jar;e:\.m2\repository\net\sf\flexjson\flexjson\2.1\flexjson-2.1.jar;e:\.m2\repository\org\apache\commons\commons-lang3\3.1\commons-lang3-3.1.jar;e:\.m2\repository\org\codehaus\jackson\jackson-xc\1.9.9\jackson-xc-1.9.9.jar;e:\.m2\repository\org\springframework\roo\org.springframework.roo.annotations\1.2.5.RELEASE\org.springframework.roo.annotations-1.2.5.RELEASE.jar;e:\.m2\repository\org\springframework\spring-core\3.2.6.RELEASE\spring-core-3.2.6.RELEASE.jar;e:\.m2\repository\org\springframework\spring-test\3.2.6.RELEASE\spring-test-3.2.6.RELEASE.jar;e:\.m2\repository\org\springframework\spring-context\3.2.6.RELEASE\spring-context-3.2.6.RELEASE.jar;e:\.m2\repository\org\springframework\spring-aop\3.2.6.RELEASE\spring-aop-3.2.6.RELEASE.jar;e:\.m2\repository\org\springframework\spring-aspects\3.2.6.RELEASE\spring-aspects-3.2.6.RELEASE.jar;e:\.m2\repository\mysql\mysql-connector-java\5.1.18\mysql-connector-java-5.1.18.jar;e:\.m2\repository\org\hibernate\hibernate-core\4.2.2.Final\hibernate-core-4.2.2.Final.jar;e:\.m2\repository\org\hibernate\hibernate-entitymanager\4.2.2.Final\hibernate-entitymanager-4.2.2.Final.jar;e:\.m2\repository\org\hibernate\javax\persistence\hibernate-jpa-2.0-api\1.0.1.Final\hibernate-jpa-2.0-api-1.0.1.Final.jar;e:\.m2\repository\commons-collections\commons-collections\3.2.1\commons-collections-3.2.1.jar;e:\.m2\repository\org\hibernate\hibernate-validator\4.3.1.Final\hibernate-validator-4.3.1.Final.jar;e:\.m2\repository\javax\validation\validation-api\1.0.0.GA\validation-api-1.0.0.GA.jar;e:\.m2\repository\javax\transaction\jta\1.1\jta-1.1.jar;e:\.m2\repository\org\springframework\spring-jdbc\3.2.6.RELEASE\spring-jdbc-3.2.6.RELEASE.jar;e:\.m2\repository\org\springframework\spring-orm\3.2.6.RELEASE\spring-orm-3.2.6.RELEASE.jar;e:\.m2\repository\commons-pool\commons-pool\1.5.6\commons-pool-1.5.6.jar;e:\.m2\repository\commons-dbcp\commons-dbcp\1.4\commons-dbcp-1.4.jar;e:\.m2\repository\org\springframework\spring-webmvc\3.2.6.RELEASE\spring-webmvc-3.2.6.RELEASE.jar;e:\.m2\repository\org\springframework\webflow\spring-js-resources\2.2.1.RELEASE\spring-js-resources-2.2.1.RELEASE.jar;e:\.m2\repository\commons-digester\commons-digester\2.1\commons-digester-2.1.jar;e:\.m2\repository\commons-fileupload\commons-fileupload\1.2.2\commons-fileupload-1.2.2.jar;e:\.m2\repository\javax\servlet\jsp\jstl\jstl-api\1.2\jstl-api-1.2.jar;e:\.m2\repository\org\glassfish\web\jstl-impl\1.2\jstl-impl-1.2.jar;e:\.m2\repository\javax\el\el-api\2.2\el-api-2.2.jar;e:\.m2\repository\joda-time\joda-time\1.6\joda-time-1.6.jar;e:\.m2\repository\javax\servlet\jsp\jsp-api\2.1\jsp-api-2.1.jar;e:\.m2\repository\commons-codec\commons-codec\1.5\commons-codec-1.5.jar;e:\.m2\repository\org\apache\tiles\tiles-jsp\2.2.2\tiles-jsp-2.2.2.jar;e:\.m2\repository\org\springframework\security\spring-security-core\3.1.0.RELEASE\spring-security-core-3.1.0.RELEASE.jar;e:\.m2\repository\org\springframework\security\spring-security-config\3.1.0.RELEASE\spring-security-config-3.1.0.RELEASE.jar;e:\.m2\repository\org\springframework\security\spring-security-web\3.1.0.RELEASE\spring-security-web-3.1.0.RELEASE.jar;e:\.m2\repository\org\springframework\security\spring-security-taglibs\3.1.0.RELEASE\spring-security-taglibs-3.1.0.RELEASE.jar;e:\.m2\repository\org\springframework\data\spring-data-jpa\1.4.3.RELEASE\spring-data-jpa-1.4.3.RELEASE.jar;e:\.m2\repository\org\codehaus\jackson\jackson-core-asl\1.9.9\jackson-core-asl-1.9.9.jar;e:\.m2\repository\org\codehaus\jackson\jackson-mapper-asl\1.9.9\jackson-mapper-asl-1.9.9.jar;e:\.m2\repository\commons-io\commons-io\2.4\commons-io-2.4.jar;e:\.m2\repository\org\springframework\spring-beans\3.2.6.RELEASE\spring-beans-3.2.6.RELEASE.jar;e:\.m2\repository\org\springframework\spring-expression\3.2.6.RELEASE\spring-expression-3.2.6.RELEASE.jar;e:\.m2\repository\aopalliance\aopalliance\1.0\aopalliance-1.0.jar;e:\.m2\repository\org\springframework\spring-context-support\3.2.6.RELEASE\spring-context-support-3.2.6.RELEASE.jar;e:\.m2\repository\antlr\antlr\2.7.7\antlr-2.7.7.jar;e:\.m2\repository\org\jboss\logging\jboss-logging\3.1.0.GA\jboss-logging-3.1.0.GA.jar;e:\.m2\repository\dom4j\dom4j\1.6.1\dom4j-1.6.1.jar;e:\.m2\repository\org\jboss\spec\javax\transaction\jboss-transaction-api_1.1_spec\1.0.1.Final\jboss-transaction-api_1.1_spec-1.0.1.Final.jar;e:\.m2\repository\org\hibernate\common\hibernate-commons-annotations\4.0.2.Final\hibernate-commons-annotations-4.0.2.Final.jar;e:\.m2\repository\org\javassist\javassist\3.15.0-GA\javassist-3.15.0-GA.jar;e:\.m2\repository\org\springframework\spring-tx\3.2.6.RELEASE\spring-tx-3.2.6.RELEASE.jar;e:\.m2\repository\org\springframework\spring-web\3.2.6.RELEASE\spring-web-3.2.6.RELEASE.jar;e:\.m2\repository\commons-beanutils\commons-beanutils\1.8.3\commons-beanutils-1.8.3.jar;e:\.m2\repository\org\apache\tiles\tiles-servlet\2.2.2\tiles-servlet-2.2.2.jar;e:\.m2\repository\org\apache\tiles\tiles-core\2.2.2\tiles-core-2.2.2.jar;e:\.m2\repository\org\apache\tiles\tiles-template\2.2.2\tiles-template-2.2.2.jar;e:\.m2\repository\org\apache\tiles\tiles-api\2.2.2\tiles-api-2.2.2.jar;e:\.m2\repository\org\springframework\security\spring-security-crypto\3.1.0.RELEASE\spring-security-crypto-3.1.0.RELEASE.jar;e:\.m2\repository\org\springframework\security\spring-security-acl\3.1.0.RELEASE\spring-security-acl-3.1.0.RELEASE.jar;e:\.m2\repository\org\springframework\data\spring-data-commons\1.6.3.RELEASE\spring-data-commons-1.6.3.RELEASE.jar;D:\rongzhilian\api\target\classes
-aspectpath
e:\.m2\repository\org\springframework\spring-aspects\3.2.6.RELEASE\spring-aspects-3.2.6.RELEASE.jar
-d
D:\rongzhilian\api\target\classes
D:\rongzhilian\api\src\main\java\com\daiyida\api\domain\account\Account.java
D:\rongzhilian\api\src\main\java\com\daiyida\api\domain\account\Account_Roo_Configurable.aj
D:\rongzhilian\api\src\main\java\com\daiyida\api\domain\account\Account_Roo_JavaBean.aj
D:\rongzhilian\api\src\main\java\com\daiyida\api\domain\account\Account_Roo_Jpa_ActiveRecord.aj
D:\rongzhilian\api\src\main\java\com\daiyida\api\domain\account\Account_Roo_Jpa_Entity.aj
D:\rongzhilian\api\src\main\java\com\daiyida\api\domain\account\Account_Roo_Json.aj
D:\rongzhilian\api\src\main\java\com\daiyida\api\domain\account\Account_Roo_ToString.aj
D:\rongzhilian\api\src\main\java\com\daiyida\api\domain\bankcard\BankCard.java
D:\rongzhilian\api\src\main\java\com\daiyida\api\domain\bankcard\BankCard_Roo_Configurable.aj
D:\rongzhilian\api\src\main\java\com\daiyida\api\domain\bankcard\BankCard_Roo_JavaBean.aj
D:\rongzhilian\api\src\main\java\com\daiyida\api\domain\bankcard\BankCard_Roo_Jpa_ActiveRecord.aj
D:\rongzhilian\api\src\main\java\com\daiyida\api\domain\bankcard\BankCard_Roo_Jpa_Entity.aj
D:\rongzhilian\api\src\main\java\com\daiyida\api\domain\bankcard\BankCard_Roo_Json.aj
D:\rongzhilian\api\src\main\java\com\daiyida\api\domain\bankcard\BankCard_Roo_ToString.aj
D:\rongzhilian\api\src\main\java\com\daiyida\api\domain\capital\Capital.java
D:\rongzhilian\api\src\main\java\com\daiyida\api\domain\capital\Capital_Roo_Configurable.aj
D:\rongzhilian\api\src\main\java\com\daiyida\api\domain\capital\Capital_Roo_JavaBean.aj
D:\rongzhilian\api\src\main\java\com\daiyida\api\domain\capital\Capital_Roo_Jpa_ActiveRecord.aj
D:\rongzhilian\api\src\main\java\com\daiyida\api\domain\capital\Capital_Roo_Jpa_Entity.aj
D:\rongzhilian\api\src\main\java\com\daiyida\api\domain\capital\Capital_Roo_Json.aj
D:\rongzhilian\api\src\main\java\com\daiyida\api\domain\capital\Capital_Roo_ToString.aj
D:\rongzhilian\api\src\main\java\com\daiyida\api\domain\customer\Customer.java
D:\rongzhilian\api\src\main\java\com\daiyida\api\domain\customer\Customer_Roo_Configurable.aj
D:\rongzhilian\api\src\main\java\com\daiyida\api\domain\customer\Customer_Roo_JavaBean.aj
D:\rongzhilian\api\src\main\java\com\daiyida\api\domain\customer\Customer_Roo_Jpa_ActiveRecord.aj
D:\rongzhilian\api\src\main\java\com\daiyida\api\domain\customer\Customer_Roo_Jpa_Entity.aj
D:\rongzhilian\api\src\main\java\com\daiyida\api\domain\customer\Customer_Roo_Json.aj
D:\rongzhilian\api\src\main\java\com\daiyida\api\domain\customer\Customer_Roo_ToString.aj
D:\rongzhilian\api\src\main\java\com\daiyida\api\domain\production\Production.java
D:\rongzhilian\api\src\main\java\com\daiyida\api\domain\production\Production_Roo_Configurable.aj
D:\rongzhilian\api\src\main\java\com\daiyida\api\domain\production\Production_Roo_JavaBean.aj
D:\rongzhilian\api\src\main\java\com\daiyida\api\domain\production\Production_Roo_Jpa_ActiveRecord.aj
D:\rongzhilian\api\src\main\java\com\daiyida\api\domain\production\Production_Roo_Jpa_Entity.aj
D:\rongzhilian\api\src\main\java\com\daiyida\api\domain\production\Production_Roo_Json.aj
D:\rongzhilian\api\src\main\java\com\daiyida\api\domain\production\Production_Roo_ToString.aj
D:\rongzhilian\api\src\main\java\com\daiyida\api\domain\resource\Resource.java
D:\rongzhilian\api\src\main\java\com\daiyida\api\domain\resource\Resource_Roo_Configurable.aj
D:\rongzhilian\api\src\main\java\com\daiyida\api\domain\resource\Resource_Roo_JavaBean.aj
D:\rongzhilian\api\src\main\java\com\daiyida\api\domain\resource\Resource_Roo_Jpa_ActiveRecord.aj
D:\rongzhilian\api\src\main\java\com\daiyida\api\domain\resource\Resource_Roo_Jpa_Entity.aj
D:\rongzhilian\api\src\main\java\com\daiyida\api\domain\resource\Resource_Roo_Json.aj
D:\rongzhilian\api\src\main\java\com\daiyida\api\domain\resource\Resource_Roo_ToString.aj
D:\rongzhilian\api\src\main\java\com\daiyida\api\domain\role\Role.java
D:\rongzhilian\api\src\main\java\com\daiyida\api\domain\role\Role_Roo_Configurable.aj
D:\rongzhilian\api\src\main\java\com\daiyida\api\domain\role\Role_Roo_JavaBean.aj
D:\rongzhilian\api\src\main\java\com\daiyida\api\domain\role\Role_Roo_Jpa_ActiveRecord.aj
D:\rongzhilian\api\src\main\java\com\daiyida\api\domain\role\Role_Roo_Jpa_Entity.aj
D:\rongzhilian\api\src\main\java\com\daiyida\api\domain\role\Role_Roo_Json.aj
D:\rongzhilian\api\src\main\java\com\daiyida\api\domain\role\Role_Roo_ToString.aj
D:\rongzhilian\api\src\main\java\com\daiyida\api\security\DydAccessDecisionManager.java
D:\rongzhilian\api\src\main\java\com\daiyida\api\security\DydInvocationSecurityMetadataSource.java
D:\rongzhilian\api\src\main\java\com\daiyida\api\security\DydUsernamePasswordAuthenticationFilter.java
D:\rongzhilian\api\src\main\java\com\daiyida\api\security\PasswordEncoder.java
D:\rongzhilian\api\src\main\java\com\daiyida\api\security\RegexUrlPathMatcher.java
D:\rongzhilian\api\src\main\java\com\daiyida\api\security\ResourceDetailInfo.java
D:\rongzhilian\api\src\main\java\com\daiyida\api\security\ResourceSecurityTag.java
D:\rongzhilian\api\src\main\java\com\daiyida\api\security\SecurityInterceptorFilter.java
D:\rongzhilian\api\src\main\java\com\daiyida\api\security\UserdetailsServiceImpl.java
D:\rongzhilian\api\src\main\java\com\daiyida\api\service\account\AccountService.java
D:\rongzhilian\api\src\main\java\com\daiyida\api\service\account\AccountServiceImpl.java
D:\rongzhilian\api\src\main\java\com\daiyida\api\service\account\AccountServiceImpl_Roo_Service.aj
D:\rongzhilian\api\src\main\java\com\daiyida\api\service\account\AccountService_Roo_Service.aj
D:\rongzhilian\api\src\main\java\com\daiyida\api\service\bankcard\BankCardService.java
D:\rongzhilian\api\src\main\java\com\daiyida\api\service\bankcard\BankCardServiceImpl.java
D:\rongzhilian\api\src\main\java\com\daiyida\api\service\bankcard\BankCardServiceImpl_Roo_Service.aj
D:\rongzhilian\api\src\main\java\com\daiyida\api\service\bankcard\BankCardService_Roo_Service.aj
D:\rongzhilian\api\src\main\java\com\daiyida\api\service\capital\CapitalService.java
D:\rongzhilian\api\src\main\java\com\daiyida\api\service\capital\CapitalServiceImpl.java
D:\rongzhilian\api\src\main\java\com\daiyida\api\service\capital\CapitalServiceImpl_Roo_Service.aj
D:\rongzhilian\api\src\main\java\com\daiyida\api\service\capital\CapitalService_Roo_Service.aj
D:\rongzhilian\api\src\main\java\com\daiyida\api\service\customer\CustomerService.java
D:\rongzhilian\api\src\main\java\com\daiyida\api\service\customer\CustomerServiceImpl.java
D:\rongzhilian\api\src\main\java\com\daiyida\api\service\customer\CustomerServiceImpl_Roo_Service.aj
D:\rongzhilian\api\src\main\java\com\daiyida\api\service\customer\CustomerService_Roo_Service.aj
D:\rongzhilian\api\src\main\java\com\daiyida\api\service\production\ProductionService.java
D:\rongzhilian\api\src\main\java\com\daiyida\api\service\production\ProductionServiceImpl.java
D:\rongzhilian\api\src\main\java\com\daiyida\api\service\production\ProductionServiceImpl_Roo_Service.aj
D:\rongzhilian\api\src\main\java\com\daiyida\api\service\production\ProductionService_Roo_Service.aj
D:\rongzhilian\api\src\main\java\com\daiyida\api\service\resource\ResourceService.java
D:\rongzhilian\api\src\main\java\com\daiyida\api\service\resource\ResourceServiceImpl.java
D:\rongzhilian\api\src\main\java\com\daiyida\api\service\resource\ResourceServiceImpl_Roo_Service.aj
D:\rongzhilian\api\src\main\java\com\daiyida\api\service\resource\ResourceService_Roo_Service.aj
D:\rongzhilian\api\src\main\java\com\daiyida\api\service\role\RoleService.java
D:\rongzhilian\api\src\main\java\com\daiyida\api\service\role\RoleServiceImpl.java
D:\rongzhilian\api\src\main\java\com\daiyida\api\service\role\RoleServiceImpl_Roo_Service.aj
D:\rongzhilian\api\src\main\java\com\daiyida\api\service\role\RoleService_Roo_Service.aj
D:\rongzhilian\api\src\main\java\com\daiyida\api\util\MessageSourceUtil.java
D:\rongzhilian\api\src\main\java\com\daiyida\api\web\account\AccountController.java
D:\rongzhilian\api\src\main\java\com\daiyida\api\web\account\AccountController_Roo_Controller.aj
D:\rongzhilian\api\src\main\java\com\daiyida\api\web\account\AccountController_Roo_Controller_Json.aj
D:\rongzhilian\api\src\main\java\com\daiyida\api\web\ApplicationConversionServiceFactoryBean.java
D:\rongzhilian\api\src\main\java\com\daiyida\api\web\ApplicationConversionServiceFactoryBean_Roo_ConversionService.aj
D:\rongzhilian\api\src\main\java\com\daiyida\api\web\bankcard\BankCardController.java
D:\rongzhilian\api\src\main\java\com\daiyida\api\web\bankcard\BankCardController_Roo_Controller.aj
D:\rongzhilian\api\src\main\java\com\daiyida\api\web\bankcard\BankCardController_Roo_Controller_Json.aj
D:\rongzhilian\api\src\main\java\com\daiyida\api\web\capital\CapitalController.java
D:\rongzhilian\api\src\main\java\com\daiyida\api\web\capital\CapitalController_Roo_Controller.aj
D:\rongzhilian\api\src\main\java\com\daiyida\api\web\capital\CapitalController_Roo_Controller_Json.aj
D:\rongzhilian\api\src\main\java\com\daiyida\api\web\customer\CustomerController.java
D:\rongzhilian\api\src\main\java\com\daiyida\api\web\customer\CustomerController_Roo_Controller.aj
D:\rongzhilian\api\src\main\java\com\daiyida\api\web\customer\CustomerController_Roo_Controller_Json.aj
D:\rongzhilian\api\src\main\java\com\daiyida\api\web\main\MainController.java
D:\rongzhilian\api\src\main\java\com\daiyida\api\web\production\ProductionController.java
D:\rongzhilian\api\src\main\java\com\daiyida\api\web\production\ProductionController_Roo_Controller.aj
D:\rongzhilian\api\src\main\java\com\daiyida\api\web\production\ProductionController_Roo_Controller_Json.aj
D:\rongzhilian\api\src\main\java\com\daiyida\api\web\resource\ResourceController.java
D:\rongzhilian\api\src\main\java\com\daiyida\api\web\resource\ResourceController_Roo_Controller.aj
D:\rongzhilian\api\src\main\java\com\daiyida\api\web\resource\ResourceController_Roo_Controller_Json.aj
D:\rongzhilian\api\src\main\java\com\daiyida\api\web\role\RoleController.java
D:\rongzhilian\api\src\main\java\com\daiyida\api\web\role\RoleController_Roo_Controller.aj
D:\rongzhilian\api\src\main\java\com\daiyida\api\web\role\RoleController_Roo_Controller_Json.aj
